c:\users\administrator\desktop\携行位置监控系统\工程\mobox\jabber\mio\debug\vc120.pdb
c:\users\administrator\desktop\携行位置监控系统\工程\mobox\jabber\mio\debug\vc120.idb
c:\users\administrator\desktop\携行位置监控系统\工程\mobox\jabber\mio\debug\mio.obj
c:\users\administrator\desktop\携行位置监控系统\工程\mobox\jabber\mio\debug\mio_epoll.obj
c:\users\administrator\desktop\携行位置监控系统\工程\mobox\jabber\mio\debug\mio_poll.obj
c:\users\administrator\desktop\携行位置监控系统\工程\mobox\jabber\mio\debug\mio_select.obj
c:\users\administrator\desktop\携行位置监控系统\工程\mobox\lib\mio.lib
d:\xxx\xxxsvr\mobox\jabber\mio\debug\mio.obj
d:\xxx\xxxsvr\mobox\jabber\mio\debug\mio_epoll.obj
d:\xxx\xxxsvr\mobox\jabber\mio\debug\mio_poll.obj
d:\xxx\xxxsvr\mobox\jabber\mio\debug\mio_select.obj
d:\xxx\xxxsvr\mobox\jabber\mio\debug\vc120.idb
d:\xxx\xxxsvr\mobox\jabber\mio\debug\vc120.pdb
d:\xxx\xxxsvr\mobox\jabber\mio\..\..\lib\mio.lib
d:\xxx\xxxsvr\mobox\jabber\mio\debug\mio.tlog\cl.command.1.tlog
d:\xxx\xxxsvr\mobox\jabber\mio\debug\mio.tlog\cl.read.1.tlog
d:\xxx\xxxsvr\mobox\jabber\mio\debug\mio.tlog\cl.write.1.tlog
d:\xxx\xxxsvr\mobox\jabber\mio\debug\mio.tlog\lib-link.read.1.tlog
d:\xxx\xxxsvr\mobox\jabber\mio\debug\mio.tlog\lib-link.write.1.tlog
d:\xxx\xxxsvr\mobox\jabber\mio\debug\mio.tlog\lib.command.1.tlog
