e:\bluetoothproject\smplatform\smplatform\lib\bdprotocal.lib
e:\bluetoothproject\smplatform\smplatform\lib\bdprotocal.exp
e:\bluetoothproject\smplatform\smplatform\bdprotocal\debug\bdprotocal.pch
e:\bluetoothproject\smplatform\smplatform\bdprotocal\debug\stdafx.obj
e:\bluetoothproject\smplatform\smplatform\bdprotocal\debug\vc100.pdb
e:\bluetoothproject\smplatform\smplatform\bdprotocal\debug\bdprotocal.obj
e:\bluetoothproject\smplatform\smplatform\bdprotocal\debug\globalfunction.obj
e:\bluetoothproject\smplatform\smplatform\bdprotocal\debug\rdss2_1searchexp_shangyu.obj
e:\bluetoothproject\smplatform\smplatform\bdprotocal\debug\chnavtectglobal.obj
e:\bluetoothproject\smplatform\smplatform\bdprotocal\debug\instance.obj
e:\bluetoothproject\smplatform\smplatform\bdprotocal\debug\rdss2_1searchexp.obj
e:\bluetoothproject\smplatform\smplatform\bdprotocal\debug\rdss4_0searchexp.obj
e:\bluetoothproject\smplatform\smplatform\bdprotocal\debug\rdss4_0searchexp_bona.obj
e:\bluetoothproject\smplatform\smplatform\bdprotocal\debug\dllmain.obj
e:\bluetoothproject\smplatform\smplatform\lib\bdprotocal.ilk
e:\bluetoothproject\smplatform\smplatform\lib\bdprotocal.dll
e:\bluetoothproject\smplatform\smplatform\bdprotocal\debug\bdprotocal.dll.intermediate.manifest
e:\bluetoothproject\smplatform\smplatform\lib\bdprotocal.pdb
e:\bluetoothproject\smplatform\smplatform\bdprotocal\debug\bdprotocal.dll.embed.manifest
e:\bluetoothproject\smplatform\smplatform\bdprotocal\debug\bdprotocal.dll.embed.manifest.res
d:\xxx\xxxsvr\mobox\tools\lib\bdprotocal.lib
d:\xxx\xxxsvr\mobox\tools\lib\bdprotocal.exp
d:\xxx\xxxsvr\mobox\tools\bdprotocal\debug\bdprotocal.pch
d:\xxx\xxxsvr\mobox\tools\bdprotocal\debug\vc120.pdb
d:\xxx\xxxsvr\mobox\tools\bdprotocal\debug\vc120.idb
d:\xxx\xxxsvr\mobox\tools\bdprotocal\debug\stdafx.obj
d:\xxx\xxxsvr\mobox\tools\bdprotocal\debug\bdprotocal.obj
d:\xxx\xxxsvr\mobox\tools\bdprotocal\debug\instance.obj
d:\xxx\xxxsvr\mobox\tools\bdprotocal\debug\chnavtectglobal.obj
d:\xxx\xxxsvr\mobox\tools\bdprotocal\debug\globalfunction.obj
d:\xxx\xxxsvr\mobox\tools\bdprotocal\debug\rdss2_1searchexp.obj
d:\xxx\xxxsvr\mobox\tools\bdprotocal\debug\rdss2_1searchexp_shangyu.obj
d:\xxx\xxxsvr\mobox\tools\bdprotocal\debug\rdss4_0searchexp.obj
d:\xxx\xxxsvr\mobox\tools\bdprotocal\debug\rdss4_0searchexp_bona.obj
d:\xxx\xxxsvr\mobox\tools\bdprotocal\debug\dllmain.obj
d:\xxx\xxxsvr\mobox\tools\lib\bdprotocal.ilk
d:\xxx\xxxsvr\mobox\tools\lib\bdprotocal.dll
d:\xxx\xxxsvr\mobox\tools\lib\bdprotocal.pdb
d:\xxx\xxxsvr\mobox\tools\bdprotocal\debug\bdprotocal.write.1.tlog
d:\xxx\xxxsvr\mobox\tools\bdprotocal\debug\cl.command.1.tlog
d:\xxx\xxxsvr\mobox\tools\bdprotocal\debug\cl.read.1.tlog
d:\xxx\xxxsvr\mobox\tools\bdprotocal\debug\cl.write.1.tlog
d:\xxx\xxxsvr\mobox\tools\bdprotocal\debug\link-cvtres.read.1.tlog
d:\xxx\xxxsvr\mobox\tools\bdprotocal\debug\link-cvtres.write.1.tlog
d:\xxx\xxxsvr\mobox\tools\bdprotocal\debug\link.3380-cvtres.read.1.tlog
d:\xxx\xxxsvr\mobox\tools\bdprotocal\debug\link.3380-cvtres.write.1.tlog
d:\xxx\xxxsvr\mobox\tools\bdprotocal\debug\link.3380.read.1.tlog
d:\xxx\xxxsvr\mobox\tools\bdprotocal\debug\link.3380.write.1.tlog
d:\xxx\xxxsvr\mobox\tools\bdprotocal\debug\link.command.1.tlog
d:\xxx\xxxsvr\mobox\tools\bdprotocal\debug\link.read.1.tlog
d:\xxx\xxxsvr\mobox\tools\bdprotocal\debug\link.write.1.tlog
d:\xxx\xxxsvr\mobox\tools\bdprotocal\debug\mt.command.1.tlog
d:\xxx\xxxsvr\mobox\tools\bdprotocal\debug\mt.read.1.tlog
d:\xxx\xxxsvr\mobox\tools\bdprotocal\debug\mt.write.1.tlog
d:\xxx\xxxsvr\mobox\tools\bdprotocal\debug\rc.command.1.tlog
d:\xxx\xxxsvr\mobox\tools\bdprotocal\debug\rc.read.1.tlog
d:\xxx\xxxsvr\mobox\tools\bdprotocal\debug\rc.write.1.tlog
d:\xxx\xxxsvr\mobox\tools\bdprotocal\debug\bdprotocal.dll.embed.manifest
d:\xxx\xxxsvr\mobox\tools\bdprotocal\debug\bdprotocal.dll.intermediate.manifest
d:\xxx\xxxsvr\mobox\tools\bdprotocal\debug\bdprotocal.dll.embed.manifest.res
d:\xxx\xxxsvr\mobox\tools\bdprotocal\debug\vc100.idb
d:\xxx\xxxsvr\mobox\tools\bdprotocal\debug\vc100.pdb
d:\xxx\xxxsvr\mobox\tools\bdprotocal\debug\bdprotocal_manifest.rc
d:\xxx\xxxsvr\mobox\tools\bdprotocal\../lib\bdprotocal.dll
d:\xxx\xxxsvr\mobox\tools\bdprotocal\debug\bdprotocal.tlog\bdprotocal.write.1u.tlog
d:\xxx\xxxsvr\mobox\tools\bdprotocal\debug\bdprotocal.tlog\cl.command.1.tlog
d:\xxx\xxxsvr\mobox\tools\bdprotocal\debug\bdprotocal.tlog\cl.read.1.tlog
d:\xxx\xxxsvr\mobox\tools\bdprotocal\debug\bdprotocal.tlog\cl.write.1.tlog
d:\xxx\xxxsvr\mobox\tools\bdprotocal\debug\bdprotocal.tlog\link.command.1.tlog
d:\xxx\xxxsvr\mobox\tools\bdprotocal\debug\bdprotocal.tlog\link.read.1.tlog
d:\xxx\xxxsvr\mobox\tools\bdprotocal\debug\bdprotocal.tlog\link.write.1.tlog
