d:\xxx\xxxsvr\mobox\projects\frontsvr\debug\vc120.pdb
d:\xxx\xxxsvr\mobox\projects\frontsvr\debug\vc120.idb
d:\xxx\xxxsvr\mobox\projects\frontsvr\debug\monitor_expat.obj
d:\xxx\xxxsvr\mobox\projects\frontsvr\debug\opensess_exp.obj
d:\xxx\xxxsvr\mobox\projects\frontsvr\debug\expat.obj
d:\xxx\xxxsvr\mobox\projects\frontsvr\debug\globaldata.obj
d:\xxx\xxxsvr\mobox\projects\frontsvr\debug\grouprslt.obj
d:\xxx\xxxsvr\mobox\projects\frontsvr\debug\cjson.obj
d:\xxx\xxxsvr\mobox\projects\frontsvr\debug\main.obj
d:\xxx\xxxsvr\mobox\projects\frontsvr\debug\mysqldb.obj
d:\xxx\xxxsvr\mobox\projects\frontsvr\debug\p2p.obj
d:\xxx\xxxsvr\mobox\projects\frontsvr\debug\p2pclient.obj
d:\xxx\xxxsvr\mobox\projects\frontsvr\debug\protobuffer.obj
d:\xxx\xxxsvr\mobox\projects\frontsvr\debug\rediscommand.obj
d:\xxx\xxxsvr\mobox\projects\frontsvr\debug\responsepkt.obj
d:\xxx\xxxsvr\mobox\projects\frontsvr\debug\responser.obj
d:\xxx\xxxsvr\mobox\projects\frontsvr\debug\tool.obj
d:\xxx\xxxsvr\mobox\projects\frontsvr\debug\subject.obj
d:\xxx\xxxsvr\mobox\projects\frontsvr\debug\forward.obj
d:\xxx\xxxsvr\mobox\projects\frontsvr\debug\userstatus.obj
d:\xxx\xxxsvr\mobox\projects\frontsvr\debug\warnsvr_callback.obj
d:\xxx\xxxsvr\mobox\projects\frontsvr\debug\warnsvr_expat.obj
d:\xxx\xxxsvr\mobox\projects\frontsvr\debug\bdsvr_callback.obj
d:\xxx\xxxsvr\mobox\projects\frontsvr\debug\bdsvr_expat.obj
d:\xxx\xxxsvr\mobox\projects\frontsvr\debug\buffer.obj
d:\xxx\xxxsvr\mobox\projects\frontsvr\debug\client.obj
d:\xxx\xxxsvr\mobox\projects\frontsvr\debug\getrefsvr.obj
d:\xxx\xxxsvr\mobox\projects\frontsvr\debug\json_string.obj
d:\xxx\xxxsvr\mobox\projects\frontsvr\debug\monitor_callback.obj
d:\xxx\xxxsvr\mobox\projects\frontsvr\debug\dbaccess.obj
d:\xxx\xxxsvr\mobox\bin\other\.lib
d:\xxx\xxxsvr\mobox\bin\other\.exp
d:\xxx\xxxsvr\mobox\bin\exe\frontsvr.exe
d:\xxx\xxxsvr\mobox\projects\frontsvr\../../bin/exe/frontsvr.exe
d:\xxx\xxxsvr\mobox\projects\frontsvr\debug\frontsvr.tlog\cl.command.1.tlog
d:\xxx\xxxsvr\mobox\projects\frontsvr\debug\frontsvr.tlog\cl.read.1.tlog
d:\xxx\xxxsvr\mobox\projects\frontsvr\debug\frontsvr.tlog\cl.write.1.tlog
d:\xxx\xxxsvr\mobox\projects\frontsvr\debug\frontsvr.tlog\frontsvr.write.1u.tlog
d:\xxx\xxxsvr\mobox\projects\frontsvr\debug\frontsvr.tlog\link.command.1.tlog
d:\xxx\xxxsvr\mobox\projects\frontsvr\debug\frontsvr.tlog\link.read.1.tlog
d:\xxx\xxxsvr\mobox\projects\frontsvr\debug\frontsvr.tlog\link.write.1.tlog
