e:\林业巡检\工程\smplatform\smcachesvr\debug\vc120.pdb
e:\林业巡检\工程\smplatform\smcachesvr\debug\vc120.idb
e:\林业巡检\工程\smplatform\smcachesvr\debug\opensess_exp.obj
e:\林业巡检\工程\smplatform\smcachesvr\debug\rptqueue.obj
e:\林业巡检\工程\smplatform\smcachesvr\debug\router_expat.obj
e:\林业巡检\工程\smplatform\smcachesvr\debug\routermsgcallback.obj
e:\林业巡检\工程\smplatform\smcachesvr\debug\expat.obj
e:\林业巡检\工程\smplatform\smcachesvr\debug\globaldata.obj
e:\林业巡检\工程\smplatform\smcachesvr\debug\grouprslt.obj
e:\林业巡检\工程\smplatform\smcachesvr\debug\cjson.obj
e:\林业巡检\工程\smplatform\smcachesvr\debug\main.obj
e:\林业巡检\工程\smplatform\smcachesvr\debug\mysqldb.obj
e:\林业巡检\工程\smplatform\smcachesvr\debug\p2p.obj
e:\林业巡检\工程\smplatform\smcachesvr\debug\p2pclient.obj
e:\林业巡检\工程\smplatform\smcachesvr\debug\protobuffer.obj
e:\林业巡检\工程\smplatform\smcachesvr\debug\rediscommand.obj
e:\林业巡检\工程\smplatform\smcachesvr\debug\responsepkt.obj
e:\林业巡检\工程\smplatform\smcachesvr\debug\responser.obj
e:\林业巡检\工程\smplatform\smcachesvr\debug\tool.obj
e:\林业巡检\工程\smplatform\smcachesvr\debug\subject.obj
e:\林业巡检\工程\smplatform\smcachesvr\debug\town_expat.obj
e:\林业巡检\工程\smplatform\smcachesvr\debug\userstatus.obj
e:\林业巡检\工程\smplatform\smcachesvr\debug\aes.obj
e:\林业巡检\工程\smplatform\smcachesvr\debug\backexpat.obj
e:\林业巡检\工程\smplatform\smcachesvr\debug\base64.obj
e:\林业巡检\工程\smplatform\smcachesvr\debug\bdexpat.obj
e:\林业巡检\工程\smplatform\smcachesvr\debug\buffer.obj
e:\林业巡检\工程\smplatform\smcachesvr\debug\client.obj
e:\林业巡检\工程\smplatform\smcachesvr\debug\dbaccess.obj
e:\林业巡检\工程\smplatform\smcachesvr\debug\smcacheserver.tlog\cl.command.1.tlog
e:\林业巡检\工程\smplatform\smcachesvr\debug\smcacheserver.tlog\cl.read.1.tlog
e:\林业巡检\工程\smplatform\smcachesvr\debug\smcacheserver.tlog\cl.write.1.tlog
e:\林业巡检\工程\smplatform\smcachesvr\debug\smcacheserver.tlog\link.command.1.tlog
e:\林业巡检\工程\smplatform\smcachesvr\debug\smcacheserver.tlog\link.read.1.tlog
e:\林业巡检\工程\smplatform\smcachesvr\debug\smcacheserver.tlog\link.write.1.tlog
