生成启动时间为 2/6/2018 3:27:38 PM。
     1>项目“E:\林业巡检\工程\bdsvr\bdserver\bdserver.vcxproj”在节点 2 上(Rebuild 个目标)。
     1>C:\Program Files (x86)\MSBuild\Microsoft.Cpp\v4.0\V120\Microsoft.CppBuild.targets(364,5): warning MSB8004: Output Directory does not end with a trailing slash.  This build instance will add the slash as it is required to allow proper evaluation of the Output Directory.
     1>C:\Program Files (x86)\MSBuild\Microsoft.Cpp\v4.0\V120\Microsoft.CppBuild.targets(388,5): warning MSB8028: The intermediate directory (Debug\) contains files shared from another project (bdserver.vcxproj).  This can lead to incorrect clean and rebuild behavior.
     1>ClCompile:
         D:\Program Files (x86)\Microsoft Visual Studio 12.0\VC\bin\CL.exe /c /I../mysql32/lib /I../mysql32/include /ZI /nologo /W3 /WX- /sdl /Od /Oy- /D WIN32 /D _DEBUG /D _CONSOLE /D _LIB /D HAVE_CONFIG_H /D _CRT_SECURE_NO_WARNINGS /D _WINSOCK_DEPRECATED_NO_WARNINGS /D _MBCS /Gm /EHsc /RTC1 /MDd /GS /fp:precise /Zc:wchar_t /Zc:forScope /Fo"Debug\\" /Fd"Debug\vc120.pdb" /Gd /TP /analyze- /errorReport:prompt bdjobber_callback.cpp smcache_callback.cpp stdafx.cpp
         stdafx.cpp
         smcache_callback.cpp
     1>e:\林业巡检\工程\bdsvr\config.h(287): warning C4005: “_CRT_SECURE_NO_WARNINGS”: 宏重定义
                 命令行参数: 参见前面的“_CRT_SECURE_NO_WARNINGS”定义
     1>e:\林业巡检\工程\bdsvr\jabber\util\inaddr.h(72): warning C4005: “SOCKET_ERROR”: 宏重定义
                 c:\program files (x86)\windows kits\8.1\include\um\winsock2.h(392) : 参见“SOCKET_ERROR”的前一个定义
     1>e:\林业巡检\工程\bdsvr\bdserver\smcache_callback.cpp(540): warning C4101: “jstr”: 未引用的局部变量
         bdjobber_callback.cpp
     1>e:\林业巡检\工程\bdsvr\config.h(287): warning C4005: “_CRT_SECURE_NO_WARNINGS”: 宏重定义
                 命令行参数: 参见前面的“_CRT_SECURE_NO_WARNINGS”定义
     1>e:\林业巡检\工程\bdsvr\jabber\util\inaddr.h(72): warning C4005: “SOCKET_ERROR”: 宏重定义
                 c:\program files (x86)\windows kits\8.1\include\um\winsock2.h(392) : 参见“SOCKET_ERROR”的前一个定义
     1>e:\林业巡检\工程\bdsvr\bdserver\bdjobber_callback.cpp(406): warning C4244: “=”: 从“double”转换到“int”，可能丢失数据
     1>e:\林业巡检\工程\bdsvr\bdserver\bdjobber_callback.cpp(438): warning C4244: “=”: 从“double”转换到“float”，可能丢失数据
     1>e:\林业巡检\工程\bdsvr\bdserver\bdjobber_callback.cpp(796): warning C4244: “=”: 从“double”转换到“float”，可能丢失数据
     1>e:\林业巡检\工程\bdsvr\bdserver\bdjobber_callback.cpp(848): warning C4244: “=”: 从“double”转换到“float”，可能丢失数据
         正在生成代码...
         D:\Program Files (x86)\Microsoft Visual Studio 12.0\VC\bin\CL.exe /c /I../mysql32/lib /I../mysql32/include /ZI /nologo /W3 /WX- /sdl /Od /Oy- /D WIN32 /D _DEBUG /D _CONSOLE /D _LIB /D HAVE_CONFIG_H /D _CRT_SECURE_NO_WARNINGS /D _WINSOCK_DEPRECATED_NO_WARNINGS /D _MBCS /Gm /EHsc /RTC1 /MDd /GS /fp:precise /Zc:wchar_t /Zc:forScope /Fo"Debug\\" /Fd"Debug\vc120.pdb" /Gd /TC /analyze- /errorReport:prompt bdjobber_expat.c buffer.c CirQueue.c client.c dbaccess.c expat.c findjobber.c globaldata.c grouprslt.c httpclient.c http\httpc.c instapp.c jobqueue.c jsonstring.c json\cJSON.c main.c membuff.c myquery\mysqldb.c opensess_exp.c p2p.c p2pclient.c protobuffer.c responsepkt.c smcache_expat.c tool.c
         tool.c
         smcache_expat.c
     1>e:\林业巡检\工程\bdsvr\config.h(287): warning C4005: “_CRT_SECURE_NO_WARNINGS”: 宏重定义
                 命令行参数: 参见前面的“_CRT_SECURE_NO_WARNINGS”定义
     1>e:\林业巡检\工程\bdsvr\jabber\util\inaddr.h(72): warning C4005: “SOCKET_ERROR”: 宏重定义
                 c:\program files (x86)\windows kits\8.1\include\um\winsock2.h(392) : 参见“SOCKET_ERROR”的前一个定义
     1>e:\林业巡检\工程\bdsvr\bdserver\smcache_expat.c(17): warning C4005: “NULL”: 宏重定义
                 d:\program files (x86)\microsoft visual studio 12.0\vc\include\stdlib.h(39) : 参见“NULL”的前一个定义
         responsepkt.c
     1>e:\林业巡检\工程\bdsvr\config.h(287): warning C4005: “_CRT_SECURE_NO_WARNINGS”: 宏重定义
                 命令行参数: 参见前面的“_CRT_SECURE_NO_WARNINGS”定义
     1>e:\林业巡检\工程\bdsvr\jabber\util\inaddr.h(72): warning C4005: “SOCKET_ERROR”: 宏重定义
                 c:\program files (x86)\windows kits\8.1\include\um\winsock2.h(392) : 参见“SOCKET_ERROR”的前一个定义
     1>e:\林业巡检\工程\bdsvr\bdserver\responsepkt.c(5): warning C4005: “NULL”: 宏重定义
                 d:\program files (x86)\microsoft visual studio 12.0\vc\include\string.h(36) : 参见“NULL”的前一个定义
     1>e:\林业巡检\工程\bdsvr\bdserver\responsepkt.c(49): warning C4018: “>=”: 有符号/无符号不匹配
         protobuffer.c
     1>e:\林业巡检\工程\bdsvr\config.h(287): warning C4005: “_CRT_SECURE_NO_WARNINGS”: 宏重定义
                 命令行参数: 参见前面的“_CRT_SECURE_NO_WARNINGS”定义
     1>e:\林业巡检\工程\bdsvr\jabber\util\inaddr.h(72): warning C4005: “SOCKET_ERROR”: 宏重定义
                 c:\program files (x86)\windows kits\8.1\include\um\winsock2.h(392) : 参见“SOCKET_ERROR”的前一个定义
         p2pclient.c
     1>e:\林业巡检\工程\bdsvr\config.h(287): warning C4005: “_CRT_SECURE_NO_WARNINGS”: 宏重定义
                 命令行参数: 参见前面的“_CRT_SECURE_NO_WARNINGS”定义
     1>e:\林业巡检\工程\bdsvr\jabber\util\inaddr.h(72): warning C4005: “SOCKET_ERROR”: 宏重定义
                 c:\program files (x86)\windows kits\8.1\include\um\winsock2.h(392) : 参见“SOCKET_ERROR”的前一个定义
     1>e:\林业巡检\工程\bdsvr\bdserver\p2pclient.c(321): warning C4018: “<”: 有符号/无符号不匹配
         p2p.c
     1>e:\林业巡检\工程\bdsvr\config.h(287): warning C4005: “_CRT_SECURE_NO_WARNINGS”: 宏重定义
                 命令行参数: 参见前面的“_CRT_SECURE_NO_WARNINGS”定义
     1>e:\林业巡检\工程\bdsvr\jabber\util\inaddr.h(72): warning C4005: “SOCKET_ERROR”: 宏重定义
                 c:\program files (x86)\windows kits\8.1\include\um\winsock2.h(392) : 参见“SOCKET_ERROR”的前一个定义
     1>e:\林业巡检\工程\bdsvr\bdserver\p2p.c(201): warning C4018: “<”: 有符号/无符号不匹配
     1>e:\林业巡检\工程\bdsvr\bdserver\p2p.c(306): warning C4133: “=”: 从“opensess_exp_t”到“_exp_t”的类型不兼容
         opensess_exp.c
     1>e:\林业巡检\工程\bdsvr\config.h(287): warning C4005: “_CRT_SECURE_NO_WARNINGS”: 宏重定义
                 命令行参数: 参见前面的“_CRT_SECURE_NO_WARNINGS”定义
     1>e:\林业巡检\工程\bdsvr\jabber\util\inaddr.h(72): warning C4005: “SOCKET_ERROR”: 宏重定义
                 c:\program files (x86)\windows kits\8.1\include\um\winsock2.h(392) : 参见“SOCKET_ERROR”的前一个定义
     1>e:\林业巡检\工程\bdsvr\bdserver\opensess_exp.c(12): warning C4005: “NULL”: 宏重定义
                 d:\program files (x86)\microsoft visual studio 12.0\vc\include\string.h(36) : 参见“NULL”的前一个定义
     1>e:\林业巡检\工程\bdsvr\bdserver\opensess_exp.c(273): warning C4133: “函数”: 从“bdjobber_exp_t”到“_exp_t”的类型不兼容
         mysqldb.c
         membuff.c
     1>e:\林业巡检\工程\bdsvr\bdserver\membuff.c(7): warning C4005: “NULL”: 宏重定义
                 d:\program files (x86)\microsoft visual studio 12.0\vc\include\stdlib.h(39) : 参见“NULL”的前一个定义
         main.c
     1>e:\林业巡检\工程\bdsvr\config.h(287): warning C4005: “_CRT_SECURE_NO_WARNINGS”: 宏重定义
                 命令行参数: 参见前面的“_CRT_SECURE_NO_WARNINGS”定义
     1>e:\林业巡检\工程\bdsvr\jabber\util\inaddr.h(72): warning C4005: “SOCKET_ERROR”: 宏重定义
                 c:\program files (x86)\windows kits\8.1\include\um\winsock2.h(392) : 参见“SOCKET_ERROR”的前一个定义
     1>e:\林业巡检\工程\bdsvr\bdserver\main.c(238): warning C4133: “函数”: 从“void **”到“mysqlquery_t *”的类型不兼容
     1>e:\林业巡检\工程\bdsvr\bdserver\main.c(324): warning C4133: “=”: 从“smcache_exp_t”到“_exp_t”的类型不兼容
         cJSON.c
         jsonstring.c
     1>e:\林业巡检\工程\bdsvr\config.h(287): warning C4005: “_CRT_SECURE_NO_WARNINGS”: 宏重定义
                 命令行参数: 参见前面的“_CRT_SECURE_NO_WARNINGS”定义
     1>e:\林业巡检\工程\bdsvr\jabber\util\inaddr.h(72): warning C4005: “SOCKET_ERROR”: 宏重定义
                 c:\program files (x86)\windows kits\8.1\include\um\winsock2.h(392) : 参见“SOCKET_ERROR”的前一个定义
         jobqueue.c
     1>e:\林业巡检\工程\bdsvr\config.h(287): warning C4005: “_CRT_SECURE_NO_WARNINGS”: 宏重定义
                 命令行参数: 参见前面的“_CRT_SECURE_NO_WARNINGS”定义
     1>e:\林业巡检\工程\bdsvr\jabber\util\inaddr.h(72): warning C4005: “SOCKET_ERROR”: 宏重定义
                 c:\program files (x86)\windows kits\8.1\include\um\winsock2.h(392) : 参见“SOCKET_ERROR”的前一个定义
     1>e:\林业巡检\工程\bdsvr\bdserver\jobqueue.c(71): warning C4098: “jobqueue_putjob”:“void”函数返回值
         instapp.c
     1>e:\林业巡检\工程\bdsvr\config.h(287): warning C4005: “_CRT_SECURE_NO_WARNINGS”: 宏重定义
                 命令行参数: 参见前面的“_CRT_SECURE_NO_WARNINGS”定义
     1>e:\林业巡检\工程\bdsvr\jabber\util\inaddr.h(72): warning C4005: “SOCKET_ERROR”: 宏重定义
                 c:\program files (x86)\windows kits\8.1\include\um\winsock2.h(392) : 参见“SOCKET_ERROR”的前一个定义
         httpc.c
     1>e:\林业巡检\工程\bdsvr\bdserver\http\httpc.c(64): warning C4101: “rtn”: 未引用的局部变量
     1>e:\林业巡检\工程\bdsvr\bdserver\http\httpc.c(84): warning C4028: 形参 3 与声明不同
     1>e:\林业巡检\工程\bdsvr\bdserver\http\httpc.c(103): warning C4047: “函数”:“DWORD”与“void *”的间接级别不同
     1>e:\林业巡检\工程\bdsvr\bdserver\http\httpc.c(103): warning C4024: “InternetOpenUrlA”: 形参和实参 4 的类型不同
     1>e:\林业巡检\工程\bdsvr\bdserver\http\httpc.c(161): warning C4028: 形参 4 与声明不同
         httpclient.c
     1>e:\林业巡检\工程\bdsvr\config.h(287): warning C4005: “_CRT_SECURE_NO_WARNINGS”: 宏重定义
                 命令行参数: 参见前面的“_CRT_SECURE_NO_WARNINGS”定义
     1>e:\林业巡检\工程\bdsvr\jabber\util\inaddr.h(72): warning C4005: “SOCKET_ERROR”: 宏重定义
                 c:\program files (x86)\windows kits\8.1\include\um\winsock2.h(392) : 参见“SOCKET_ERROR”的前一个定义
     1>e:\林业巡检\工程\bdsvr\bdserver\httpclient.c(72): warning C4101: “now”: 未引用的局部变量
         grouprslt.c
     1>e:\林业巡检\工程\bdsvr\bdserver\grouprslt.c(37): warning C4047: “=”:“userinfo_t *”与“groupinfos_t”的间接级别不同
     1>e:\林业巡检\工程\bdsvr\bdserver\grouprslt.c(109): warning C4133: “函数”: 从“sos_t”到“groupinfos_t”的类型不兼容
     1>e:\林业巡检\工程\bdsvr\bdserver\grouprslt.c(155): warning C4133: “函数”: 从“pos_t”到“groupinfos_t”的类型不兼容
         globaldata.c
     1>e:\林业巡检\工程\bdsvr\config.h(287): warning C4005: “_CRT_SECURE_NO_WARNINGS”: 宏重定义
                 命令行参数: 参见前面的“_CRT_SECURE_NO_WARNINGS”定义
     1>e:\林业巡检\工程\bdsvr\jabber\util\inaddr.h(72): warning C4005: “SOCKET_ERROR”: 宏重定义
                 c:\program files (x86)\windows kits\8.1\include\um\winsock2.h(392) : 参见“SOCKET_ERROR”的前一个定义
         findjobber.c
     1>e:\林业巡检\工程\bdsvr\config.h(287): warning C4005: “_CRT_SECURE_NO_WARNINGS”: 宏重定义
                 命令行参数: 参见前面的“_CRT_SECURE_NO_WARNINGS”定义
     1>e:\林业巡检\工程\bdsvr\jabber\util\inaddr.h(72): warning C4005: “SOCKET_ERROR”: 宏重定义
                 c:\program files (x86)\windows kits\8.1\include\um\winsock2.h(392) : 参见“SOCKET_ERROR”的前一个定义
         expat.c
         正在生成代码...
         正在编译...
         dbaccess.c
     1>e:\林业巡检\工程\bdsvr\config.h(287): warning C4005: “_CRT_SECURE_NO_WARNINGS”: 宏重定义
                 命令行参数: 参见前面的“_CRT_SECURE_NO_WARNINGS”定义
     1>e:\林业巡检\工程\bdsvr\config.h(692): warning C4005: “FD_SETSIZE”: 宏重定义
                 c:\program files (x86)\windows kits\8.1\include\um\winsock2.h(133) : 参见“FD_SETSIZE”的前一个定义
     1>e:\林业巡检\工程\bdsvr\jabber\util\inaddr.h(72): warning C4005: “SOCKET_ERROR”: 宏重定义
                 c:\program files (x86)\windows kits\8.1\include\um\winsock2.h(392) : 参见“SOCKET_ERROR”的前一个定义
     1>e:\林业巡检\工程\bdsvr\bdserver\dbaccess.c(291): warning C4244: “=”: 从“my_ulonglong”转换到“int”，可能丢失数据
     1>e:\林业巡检\工程\bdsvr\bdserver\dbaccess.c(308): warning C4244: “=”: 从“my_ulonglong”转换到“int”，可能丢失数据
     1>e:\林业巡检\工程\bdsvr\bdserver\dbaccess.c(324): warning C4244: “=”: 从“my_ulonglong”转换到“int”，可能丢失数据
     1>e:\林业巡检\工程\bdsvr\bdserver\dbaccess.c(340): warning C4244: “=”: 从“my_ulonglong”转换到“int”，可能丢失数据
     1>e:\林业巡检\工程\bdsvr\bdserver\dbaccess.c(357): warning C4244: “=”: 从“my_ulonglong”转换到“int”，可能丢失数据
     1>e:\林业巡检\工程\bdsvr\bdserver\dbaccess.c(373): warning C4244: “=”: 从“my_ulonglong”转换到“int”，可能丢失数据
     1>e:\林业巡检\工程\bdsvr\bdserver\dbaccess.c(389): warning C4244: “=”: 从“my_ulonglong”转换到“int”，可能丢失数据
         client.c
     1>e:\林业巡检\工程\bdsvr\config.h(287): warning C4005: “_CRT_SECURE_NO_WARNINGS”: 宏重定义
                 命令行参数: 参见前面的“_CRT_SECURE_NO_WARNINGS”定义
     1>e:\林业巡检\工程\bdsvr\jabber\util\inaddr.h(72): warning C4005: “SOCKET_ERROR”: 宏重定义
                 c:\program files (x86)\windows kits\8.1\include\um\winsock2.h(392) : 参见“SOCKET_ERROR”的前一个定义
     1>e:\林业巡检\工程\bdsvr\bdserver\client.c(63): warning C4554: “&”: 检查运算符优先级可能存在的错误；使用圆括号阐明优先级
     1>e:\林业巡检\工程\bdsvr\bdserver\client.c(165): warning C4133: “函数”: 从“tm *”到“LPSYSTEMTIME”的类型不兼容
     1>e:\林业巡检\工程\bdsvr\bdserver\client.c(182): warning C4133: “函数”: 从“tm *”到“LPSYSTEMTIME”的类型不兼容
     1>e:\林业巡检\工程\bdsvr\bdserver\client.c(334): warning C4047: “=”:“char *”与“int”的间接级别不同
     1>e:\林业巡检\工程\bdsvr\bdserver\client.c(351): warning C4028: 形参 2 与声明不同
     1>e:\林业巡检\工程\bdsvr\bdserver\client.c(351): warning C4029: 声明的形参表不同于定义
         CirQueue.c
         buffer.c
     1>e:\林业巡检\工程\bdsvr\bdserver\buffer.c(11): warning C4013: “calloc”未定义；假设外部返回 int
     1>e:\林业巡检\工程\bdsvr\bdserver\buffer.c(17): warning C4013: “malloc”未定义；假设外部返回 int
     1>e:\林业巡检\工程\bdsvr\bdserver\buffer.c(19): warning C4013: “memcpy”未定义；假设外部返回 int
     1>e:\林业巡检\工程\bdsvr\bdserver\buffer.c(21): warning C4013: “memset”未定义；假设外部返回 int
     1>e:\林业巡检\工程\bdsvr\bdserver\buffer.c(42): warning C4013: “free”未定义；假设外部返回 int
     1>e:\林业巡检\工程\bdsvr\bdserver\buffer.c(68): warning C4013: “realloc”未定义；假设外部返回 int
         bdjobber_expat.c
     1>e:\林业巡检\工程\bdsvr\config.h(287): warning C4005: “_CRT_SECURE_NO_WARNINGS”: 宏重定义
                 命令行参数: 参见前面的“_CRT_SECURE_NO_WARNINGS”定义
     1>e:\林业巡检\工程\bdsvr\jabber\util\inaddr.h(72): warning C4005: “SOCKET_ERROR”: 宏重定义
                 c:\program files (x86)\windows kits\8.1\include\um\winsock2.h(392) : 参见“SOCKET_ERROR”的前一个定义
     1>e:\林业巡检\工程\bdsvr\bdserver\bdjobber_expat.c(9): warning C4005: “NULL”: 宏重定义
                 d:\program files (x86)\microsoft visual studio 12.0\vc\include\stdlib.h(39) : 参见“NULL”的前一个定义
         正在生成代码...
       Link:
         D:\Program Files (x86)\Microsoft Visual Studio 12.0\VC\bin\link.exe /ERRORREPORT:PROMPT /OUT:"../bin\bdsvr.exe" /INCREMENTAL /NOLOGO /LIBPATH:../mysql32/lib /LIBPATH:../mysql32/include BDProtocal.lib util.lib mio.lib subst.lib libeay32.lib pthreads.lib libmysql.lib WS2_32.lib kernel32.lib user32.lib gdi32.lib winspool.lib comdlg32.lib advapi32.lib shell32.lib ole32.lib oleaut32.lib uuid.lib odbc32.lib odbccp32.lib /NODEFAULTLIB:LIBCMTD.lib /MANIFEST /ManifestFile:"Debug\bdsvr.exe.intermediate.manifest" /MANIFESTUAC:"level='asInvoker' uiAccess='false'" /DEBUG /PDB:"../bin\bdsvr.pdb" /SUBSYSTEM:CONSOLE /TLBID:1 /DYNAMICBASE /NXCOMPAT /IMPLIB:"../bin\bdsvr.lib" /MACHINE:X86 Debug\bdjobber_callback.obj
         Debug\bdjobber_expat.obj
         Debug\buffer.obj
         Debug\CirQueue.obj
         Debug\client.obj
         Debug\dbaccess.obj
         Debug\expat.obj
         Debug\findjobber.obj
         Debug\globaldata.obj
         Debug\grouprslt.obj
         Debug\httpclient.obj
         Debug\httpc.obj
         Debug\instapp.obj
         Debug\jobqueue.obj
         Debug\jsonstring.obj
         Debug\cJSON.obj
         Debug\main.obj
         Debug\membuff.obj
         Debug\mysqldb.obj
         Debug\opensess_exp.obj
         Debug\p2p.obj
         Debug\p2pclient.obj
         Debug\protobuffer.obj
         Debug\responsepkt.obj
         Debug\smcache_callback.obj
         Debug\smcache_expat.obj
         Debug\stdafx.obj
         Debug\tool.obj
            正在创建库 ../bin\bdsvr.lib 和对象 ../bin\bdsvr.exp
     1>util.lib(config.obj) : warning LNK4099: 未找到 PDB“vc100.pdb”(使用“util.lib(config.obj)”或在“E:\林业巡检\工程\bdsvr\bin\vc100.pdb”中寻找)；正在链接对象，如同没有调试信息一样
     1>util.lib(hex.obj) : warning LNK4099: 未找到 PDB“vc100.pdb”(使用“util.lib(hex.obj)”或在“E:\林业巡检\工程\bdsvr\bin\vc100.pdb”中寻找)；正在链接对象，如同没有调试信息一样
     1>util.lib(inaddr.obj) : warning LNK4099: 未找到 PDB“vc100.pdb”(使用“util.lib(inaddr.obj)”或在“E:\林业巡检\工程\bdsvr\bin\vc100.pdb”中寻找)；正在链接对象，如同没有调试信息一样
     1>util.lib(jqueue.obj) : warning LNK4099: 未找到 PDB“vc100.pdb”(使用“util.lib(jqueue.obj)”或在“E:\林业巡检\工程\bdsvr\bin\vc100.pdb”中寻找)；正在链接对象，如同没有调试信息一样
     1>util.lib(log.obj) : warning LNK4099: 未找到 PDB“vc100.pdb”(使用“util.lib(log.obj)”或在“E:\林业巡检\工程\bdsvr\bin\vc100.pdb”中寻找)；正在链接对象，如同没有调试信息一样
     1>util.lib(nad.obj) : warning LNK4099: 未找到 PDB“vc100.pdb”(使用“util.lib(nad.obj)”或在“E:\林业巡检\工程\bdsvr\bin\vc100.pdb”中寻找)；正在链接对象，如同没有调试信息一样
     1>util.lib(pool.obj) : warning LNK4099: 未找到 PDB“vc100.pdb”(使用“util.lib(pool.obj)”或在“E:\林业巡检\工程\bdsvr\bin\vc100.pdb”中寻找)；正在链接对象，如同没有调试信息一样
     1>util.lib(str.obj) : warning LNK4099: 未找到 PDB“vc100.pdb”(使用“util.lib(str.obj)”或在“E:\林业巡检\工程\bdsvr\bin\vc100.pdb”中寻找)；正在链接对象，如同没有调试信息一样
     1>util.lib(xhash.obj) : warning LNK4099: 未找到 PDB“vc100.pdb”(使用“util.lib(xhash.obj)”或在“E:\林业巡检\工程\bdsvr\bin\vc100.pdb”中寻找)；正在链接对象，如同没有调试信息一样
     1>mio.lib(mio.obj) : warning LNK4099: 未找到 PDB“vc100.pdb”(使用“mio.lib(mio.obj)”或在“E:\林业巡检\工程\bdsvr\bin\vc100.pdb”中寻找)；正在链接对象，如同没有调试信息一样
     1>mio.lib(mio_select.obj) : warning LNK4099: 未找到 PDB“vc100.pdb”(使用“mio.lib(mio_select.obj)”或在“E:\林业巡检\工程\bdsvr\bin\vc100.pdb”中寻找)；正在链接对象，如同没有调试信息一样
     1>subst.lib(inet_aton.obj) : warning LNK4099: 未找到 PDB“vc100.pdb”(使用“subst.lib(inet_aton.obj)”或在“E:\林业巡检\工程\bdsvr\bin\vc100.pdb”中寻找)；正在链接对象，如同没有调试信息一样
     1>subst.lib(snprintf.obj) : warning LNK4099: 未找到 PDB“vc100.pdb”(使用“subst.lib(snprintf.obj)”或在“E:\林业巡检\工程\bdsvr\bin\vc100.pdb”中寻找)；正在链接对象，如同没有调试信息一样
     1>subst.lib(strndup.obj) : warning LNK4099: 未找到 PDB“vc100.pdb”(使用“subst.lib(strndup.obj)”或在“E:\林业巡检\工程\bdsvr\bin\vc100.pdb”中寻找)；正在链接对象，如同没有调试信息一样
     1>subst.lib(syslog.obj) : warning LNK4099: 未找到 PDB“vc100.pdb”(使用“subst.lib(syslog.obj)”或在“E:\林业巡检\工程\bdsvr\bin\vc100.pdb”中寻找)；正在链接对象，如同没有调试信息一样
         bdserver.vcxproj -> E:\林业巡检\工程\bdsvr\bdserver\../bin\bdsvr.exe
       Manifest:
         C:\Program Files (x86)\Windows Kits\8.1\bin\x86\mt.exe /nologo /verbose /out:"E:\林业巡检\工程\bdsvr\bdserver\../bin\bdsvr.exe.manifest" /manifest Debug\bdsvr.exe.intermediate.manifest
     1>已完成生成项目“E:\林业巡检\工程\bdsvr\bdserver\bdserver.vcxproj”(Rebuild 个目标)的操作。

生成成功。

已用时间 00:00:04.78
