e:\林业巡检\工程\bdsvr\bin\bdserver.lib
e:\林业巡检\工程\bdsvr\bin\bdserver.exp
e:\林业巡检\工程\bdsvr\bdserver\debug\vc120.pdb
e:\林业巡检\工程\bdsvr\bdserver\debug\vc120.idb
e:\林业巡检\工程\bdsvr\bdserver\debug\bdjobber_callback.obj
e:\林业巡检\工程\bdsvr\bdserver\debug\smcache_callback.obj
e:\林业巡检\工程\bdsvr\bdserver\debug\stdafx.obj
e:\林业巡检\工程\bdsvr\bdserver\debug\expat.obj
e:\林业巡检\工程\bdsvr\bdserver\debug\findjobber.obj
e:\林业巡检\工程\bdsvr\bdserver\debug\globaldata.obj
e:\林业巡检\工程\bdsvr\bdserver\debug\grouprslt.obj
e:\林业巡检\工程\bdsvr\bdserver\debug\httpclient.obj
e:\林业巡检\工程\bdsvr\bdserver\debug\httpc.obj
e:\林业巡检\工程\bdsvr\bdserver\debug\instapp.obj
e:\林业巡检\工程\bdsvr\bdserver\debug\jobqueue.obj
e:\林业巡检\工程\bdsvr\bdserver\debug\jsonstring.obj
e:\林业巡检\工程\bdsvr\bdserver\debug\cjson.obj
e:\林业巡检\工程\bdsvr\bdserver\debug\main_bdserver.obj
e:\林业巡检\工程\bdsvr\bdserver\debug\membuff.obj
e:\林业巡检\工程\bdsvr\bdserver\debug\mysqldb.obj
e:\林业巡检\工程\bdsvr\bdserver\debug\opensess_exp.obj
e:\林业巡检\工程\bdsvr\bdserver\debug\p2p.obj
e:\林业巡检\工程\bdsvr\bdserver\debug\p2pclient.obj
e:\林业巡检\工程\bdsvr\bdserver\debug\protobuffer.obj
e:\林业巡检\工程\bdsvr\bdserver\debug\responsepkt.obj
e:\林业巡检\工程\bdsvr\bdserver\debug\smcache_expat.obj
e:\林业巡检\工程\bdsvr\bdserver\debug\tool.obj
e:\林业巡检\工程\bdsvr\bdserver\debug\bdjobber_expat.obj
e:\林业巡检\工程\bdsvr\bdserver\debug\buffer.obj
e:\林业巡检\工程\bdsvr\bdserver\debug\cirqueue.obj
e:\林业巡检\工程\bdsvr\bdserver\debug\client.obj
e:\林业巡检\工程\bdsvr\bdserver\debug\dbaccess.obj
e:\林业巡检\工程\bdsvr\bin\bdserver.ilk
e:\林业巡检\工程\bdsvr\bin\bdserver.exe
e:\林业巡检\工程\bdsvr\bdserver\debug\bdserver.exe.intermediate.manifest
e:\林业巡检\工程\bdsvr\bin\bdserver.pdb
e:\林业巡检\工程\bdsvr\bin\bdserver.exe.manifest
e:\林业巡检\工程\bdsvr\bdserver\../bin\bdserver.exe.manifest
e:\林业巡检\工程\bdsvr\bdserver\../bin\bdserver.exe
e:\林业巡检\工程\bdsvr\bdserver\debug\bdserver.tlog\bdserver.write.1u.tlog
e:\林业巡检\工程\bdsvr\bdserver\debug\bdserver.tlog\cl.command.1.tlog
e:\林业巡检\工程\bdsvr\bdserver\debug\bdserver.tlog\cl.read.1.tlog
e:\林业巡检\工程\bdsvr\bdserver\debug\bdserver.tlog\cl.write.1.tlog
e:\林业巡检\工程\bdsvr\bdserver\debug\bdserver.tlog\link.command.1.tlog
e:\林业巡检\工程\bdsvr\bdserver\debug\bdserver.tlog\link.read.1.tlog
e:\林业巡检\工程\bdsvr\bdserver\debug\bdserver.tlog\link.write.1.tlog
e:\林业巡检\工程\bdsvr\bdserver\debug\bdserver.tlog\mt.command.1.tlog
e:\林业巡检\工程\bdsvr\bdserver\debug\bdserver.tlog\mt.read.1.tlog
e:\林业巡检\工程\bdsvr\bdserver\debug\bdserver.tlog\mt.write.1.tlog
