d:\xxx\xxxsvr\mobox\bin\other\bdsvr.lib
d:\xxx\xxxsvr\mobox\bin\other\bdsvr.exp
d:\xxx\xxxsvr\mobox\projects\bdsvr\debug\vc120.pdb
d:\xxx\xxxsvr\mobox\projects\bdsvr\debug\vc120.idb
d:\xxx\xxxsvr\mobox\projects\bdsvr\debug\bdjobber_callback.obj
d:\xxx\xxxsvr\mobox\projects\bdsvr\debug\frontsvr_callback.obj
d:\xxx\xxxsvr\mobox\projects\bdsvr\debug\stdafx.obj
d:\xxx\xxxsvr\mobox\projects\bdsvr\debug\expat.obj
d:\xxx\xxxsvr\mobox\projects\bdsvr\debug\findjobber.obj
d:\xxx\xxxsvr\mobox\projects\bdsvr\debug\globaldata.obj
d:\xxx\xxxsvr\mobox\projects\bdsvr\debug\grouprslt.obj
d:\xxx\xxxsvr\mobox\projects\bdsvr\debug\httpclient.obj
d:\xxx\xxxsvr\mobox\projects\bdsvr\debug\httpc.obj
d:\xxx\xxxsvr\mobox\projects\bdsvr\debug\instapp.obj
d:\xxx\xxxsvr\mobox\projects\bdsvr\debug\jobqueue.obj
d:\xxx\xxxsvr\mobox\projects\bdsvr\debug\jsonstring.obj
d:\xxx\xxxsvr\mobox\projects\bdsvr\debug\cjson.obj
d:\xxx\xxxsvr\mobox\projects\bdsvr\debug\main.obj
d:\xxx\xxxsvr\mobox\projects\bdsvr\debug\membuff.obj
d:\xxx\xxxsvr\mobox\projects\bdsvr\debug\mysqldb.obj
d:\xxx\xxxsvr\mobox\projects\bdsvr\debug\opensess_exp.obj
d:\xxx\xxxsvr\mobox\projects\bdsvr\debug\p2p.obj
d:\xxx\xxxsvr\mobox\projects\bdsvr\debug\p2pclient.obj
d:\xxx\xxxsvr\mobox\projects\bdsvr\debug\protobuffer.obj
d:\xxx\xxxsvr\mobox\projects\bdsvr\debug\responsepkt.obj
d:\xxx\xxxsvr\mobox\projects\bdsvr\debug\frontsvr_expat.obj
d:\xxx\xxxsvr\mobox\projects\bdsvr\debug\tool.obj
d:\xxx\xxxsvr\mobox\projects\bdsvr\debug\bdjobber_expat.obj
d:\xxx\xxxsvr\mobox\projects\bdsvr\debug\buffer.obj
d:\xxx\xxxsvr\mobox\projects\bdsvr\debug\cirqueue.obj
d:\xxx\xxxsvr\mobox\projects\bdsvr\debug\client.obj
d:\xxx\xxxsvr\mobox\projects\bdsvr\debug\dbaccess.obj
d:\xxx\xxxsvr\mobox\bin\exe\bdsvr.exe
d:\xxx\xxxsvr\mobox\projects\bdsvr\debug\bdsvr.exe.intermediate.manifest
d:\xxx\xxxsvr\mobox\bin\other\bdsvr.pdb
d:\xxx\xxxsvr\mobox\projects\bdsvr\../../bin/exe/bdsvr.exe.manifest
d:\xxx\xxxsvr\mobox\projects\bdsvr\../../bin/exe/bdsvr.exe
d:\xxx\xxxsvr\mobox\projects\bdsvr\debug\bdsvr.tlog\bdsvr.write.1u.tlog
d:\xxx\xxxsvr\mobox\projects\bdsvr\debug\bdsvr.tlog\cl.command.1.tlog
d:\xxx\xxxsvr\mobox\projects\bdsvr\debug\bdsvr.tlog\cl.read.1.tlog
d:\xxx\xxxsvr\mobox\projects\bdsvr\debug\bdsvr.tlog\cl.write.1.tlog
d:\xxx\xxxsvr\mobox\projects\bdsvr\debug\bdsvr.tlog\link.command.1.tlog
d:\xxx\xxxsvr\mobox\projects\bdsvr\debug\bdsvr.tlog\link.read.1.tlog
d:\xxx\xxxsvr\mobox\projects\bdsvr\debug\bdsvr.tlog\link.write.1.tlog
d:\xxx\xxxsvr\mobox\projects\bdsvr\debug\bdsvr.tlog\mt.command.1.tlog
d:\xxx\xxxsvr\mobox\projects\bdsvr\debug\bdsvr.tlog\mt.read.1.tlog
