d:\xxx\xxxsvr\mobox\bin\other\bdjob.lib
d:\xxx\xxxsvr\mobox\bin\other\bdjob.exp
d:\xxx\xxxsvr\mobox\projects\bdjob\debug\vc120.pdb
d:\xxx\xxxsvr\mobox\projects\bdjob\debug\vc120.idb
d:\xxx\xxxsvr\mobox\projects\bdjob\debug\chnavtectglobal.obj
d:\xxx\xxxsvr\mobox\projects\bdjob\debug\bddevicearray.obj
d:\xxx\xxxsvr\mobox\projects\bdjob\debug\bdexplain.obj
d:\xxx\xxxsvr\mobox\projects\bdjob\debug\comconnection.obj
d:\xxx\xxxsvr\mobox\projects\bdjob\debug\generalconnection.obj
d:\xxx\xxxsvr\mobox\projects\bdjob\debug\main.obj
d:\xxx\xxxsvr\mobox\projects\bdjob\debug\instance.obj
d:\xxx\xxxsvr\mobox\projects\bdjob\debug\remoteservce.obj
d:\xxx\xxxsvr\mobox\projects\bdjob\debug\bdsvrcallback.obj
d:\xxx\xxxsvr\mobox\projects\bdjob\debug\stdafx.obj
d:\xxx\xxxsvr\mobox\projects\bdjob\debug\global.obj
d:\xxx\xxxsvr\mobox\projects\bdjob\debug\buffer.obj
d:\xxx\xxxsvr\mobox\projects\bdjob\debug\expat_bdsvr.obj
d:\xxx\xxxsvr\mobox\projects\bdjob\debug\p2p.obj
d:\xxx\xxxsvr\mobox\projects\bdjob\debug\expat.obj
d:\xxx\xxxsvr\mobox\projects\bdjob\debug\instapp.obj
d:\xxx\xxxsvr\mobox\projects\bdjob\debug\cjson.obj
d:\xxx\xxxsvr\mobox\projects\bdjob\debug\p2pclient.obj
d:\xxx\xxxsvr\mobox\projects\bdjob\debug\protobuffer.obj
d:\xxx\xxxsvr\mobox\projects\bdjob\debug\responsepkt.obj
d:\xxx\xxxsvr\mobox\projects\bdjob\debug\tool.obj
d:\xxx\xxxsvr\mobox\bin\exe\bdjob.exe
d:\xxx\xxxsvr\mobox\bin\other\bdjob.pdb
d:\xxx\xxxsvr\mobox\projects\bdjob\../../bin/exe/bdjob.exe
d:\xxx\xxxsvr\mobox\projects\bdjob\debug\bdjob.tlog\bdjob.write.1u.tlog
d:\xxx\xxxsvr\mobox\projects\bdjob\debug\bdjob.tlog\cl.command.1.tlog
d:\xxx\xxxsvr\mobox\projects\bdjob\debug\bdjob.tlog\cl.read.1.tlog
d:\xxx\xxxsvr\mobox\projects\bdjob\debug\bdjob.tlog\cl.write.1.tlog
d:\xxx\xxxsvr\mobox\projects\bdjob\debug\bdjob.tlog\link.command.1.tlog
d:\xxx\xxxsvr\mobox\projects\bdjob\debug\bdjob.tlog\link.read.1.tlog
d:\xxx\xxxsvr\mobox\projects\bdjob\debug\bdjob.tlog\link.write.1.tlog
