e:\bluetoothproject\smplatform\smplatform\bin\bdsvr.lib
e:\bluetoothproject\smplatform\smplatform\bin\bdsvr.exp
e:\bluetoothproject\smplatform\smplatform\bdsvr\debug\vc120.pdb
e:\bluetoothproject\smplatform\smplatform\bdsvr\debug\vc120.idb
e:\bluetoothproject\smplatform\smplatform\bdsvr\debug\chnavtectglobal.obj
e:\bluetoothproject\smplatform\smplatform\bdsvr\debug\bdexplain.obj
e:\bluetoothproject\smplatform\smplatform\bdsvr\debug\comconnection.obj
e:\bluetoothproject\smplatform\smplatform\bdsvr\debug\generalconnection.obj
e:\bluetoothproject\smplatform\smplatform\bdsvr\debug\main.obj
e:\bluetoothproject\smplatform\smplatform\bdsvr\debug\instance.obj
e:\bluetoothproject\smplatform\smplatform\bdsvr\debug\stdafx.obj
e:\bluetoothproject\smplatform\smplatform\bdsvr\debug\buffer.obj
e:\bluetoothproject\smplatform\smplatform\bdsvr\debug\authcallback.obj
e:\bluetoothproject\smplatform\smplatform\bdsvr\debug\expat_auth.obj
e:\bluetoothproject\smplatform\smplatform\bdsvr\debug\expat_router.obj
e:\bluetoothproject\smplatform\smplatform\bdsvr\debug\p2p.obj
e:\bluetoothproject\smplatform\smplatform\bdsvr\debug\routercallback.obj
e:\bluetoothproject\smplatform\smplatform\bdsvr\debug\dispatch.obj
e:\bluetoothproject\smplatform\smplatform\bdsvr\debug\expat.obj
e:\bluetoothproject\smplatform\smplatform\bdsvr\debug\instapp.obj
e:\bluetoothproject\smplatform\smplatform\bdsvr\debug\cjson.obj
e:\bluetoothproject\smplatform\smplatform\bdsvr\debug\p2pclient.obj
e:\bluetoothproject\smplatform\smplatform\bdsvr\debug\protobuffer.obj
e:\bluetoothproject\smplatform\smplatform\bdsvr\debug\responsepkt.obj
e:\bluetoothproject\smplatform\smplatform\bdsvr\debug\tool.obj
e:\bluetoothproject\smplatform\smplatform\bdsvr\debug\global.obj
e:\bluetoothproject\smplatform\smplatform\bin\bdsvr.ilk
e:\bluetoothproject\smplatform\smplatform\bin\bdsvr.exe
e:\bluetoothproject\smplatform\smplatform\bin\bdsvr.pdb
e:\bluetoothproject\smplatform\smplatform\bdsvr\../bin\bdsvr.exe
e:\bluetoothproject\smplatform\smplatform\bdsvr\debug\bdsvr.tlog\bdsvr.write.1u.tlog
e:\bluetoothproject\smplatform\smplatform\bdsvr\debug\bdsvr.tlog\cl.command.1.tlog
e:\bluetoothproject\smplatform\smplatform\bdsvr\debug\bdsvr.tlog\cl.read.1.tlog
e:\bluetoothproject\smplatform\smplatform\bdsvr\debug\bdsvr.tlog\cl.write.1.tlog
e:\bluetoothproject\smplatform\smplatform\bdsvr\debug\bdsvr.tlog\link.command.1.tlog
e:\bluetoothproject\smplatform\smplatform\bdsvr\debug\bdsvr.tlog\link.read.1.tlog
e:\bluetoothproject\smplatform\smplatform\bdsvr\debug\bdsvr.tlog\link.write.1.tlog
