c:\users\administrator\desktop\携行位置监控系统\工程\mobox\frontsvr\debug\vc120.pdb
c:\users\administrator\desktop\携行位置监控系统\工程\mobox\frontsvr\debug\vc120.idb
c:\users\administrator\desktop\携行位置监控系统\工程\mobox\frontsvr\debug\monitor_expat.obj
c:\users\administrator\desktop\携行位置监控系统\工程\mobox\frontsvr\debug\opensess_exp.obj
c:\users\administrator\desktop\携行位置监控系统\工程\mobox\frontsvr\debug\expat.obj
c:\users\administrator\desktop\携行位置监控系统\工程\mobox\frontsvr\debug\globaldata.obj
c:\users\administrator\desktop\携行位置监控系统\工程\mobox\frontsvr\debug\grouprslt.obj
c:\users\administrator\desktop\携行位置监控系统\工程\mobox\frontsvr\debug\cjson.obj
c:\users\administrator\desktop\携行位置监控系统\工程\mobox\frontsvr\debug\main.obj
c:\users\administrator\desktop\携行位置监控系统\工程\mobox\frontsvr\debug\mysqldb.obj
c:\users\administrator\desktop\携行位置监控系统\工程\mobox\frontsvr\debug\p2p.obj
c:\users\administrator\desktop\携行位置监控系统\工程\mobox\frontsvr\debug\p2pclient.obj
c:\users\administrator\desktop\携行位置监控系统\工程\mobox\frontsvr\debug\protobuffer.obj
c:\users\administrator\desktop\携行位置监控系统\工程\mobox\frontsvr\debug\rediscommand.obj
c:\users\administrator\desktop\携行位置监控系统\工程\mobox\frontsvr\debug\responsepkt.obj
c:\users\administrator\desktop\携行位置监控系统\工程\mobox\frontsvr\debug\responser.obj
c:\users\administrator\desktop\携行位置监控系统\工程\mobox\frontsvr\debug\tool.obj
c:\users\administrator\desktop\携行位置监控系统\工程\mobox\frontsvr\debug\subject.obj
c:\users\administrator\desktop\携行位置监控系统\工程\mobox\frontsvr\debug\town_expat.obj
c:\users\administrator\desktop\携行位置监控系统\工程\mobox\frontsvr\debug\userstatus.obj
c:\users\administrator\desktop\携行位置监控系统\工程\mobox\frontsvr\debug\warnsvr_callback.obj
c:\users\administrator\desktop\携行位置监控系统\工程\mobox\frontsvr\debug\warnsvr_expat.obj
c:\users\administrator\desktop\携行位置监控系统\工程\mobox\frontsvr\debug\bdsvr_callback.obj
c:\users\administrator\desktop\携行位置监控系统\工程\mobox\frontsvr\debug\bdsvr_expat.obj
c:\users\administrator\desktop\携行位置监控系统\工程\mobox\frontsvr\debug\buffer.obj
c:\users\administrator\desktop\携行位置监控系统\工程\mobox\frontsvr\debug\client.obj
c:\users\administrator\desktop\携行位置监控系统\工程\mobox\frontsvr\debug\dbaccess.obj
c:\users\administrator\desktop\携行位置监控系统\工程\mobox\frontsvr\debug\monitor_callback.obj
c:\users\administrator\desktop\携行位置监控系统\工程\mobox\bin\frontsvr.lib
c:\users\administrator\desktop\携行位置监控系统\工程\mobox\bin\frontsvr.exp
c:\users\administrator\desktop\携行位置监控系统\工程\mobox\bin\frontsvr.ilk
c:\users\administrator\desktop\携行位置监控系统\工程\mobox\bin\frontsvr.exe
c:\users\administrator\desktop\携行位置监控系统\工程\mobox\bin\frontsvr.pdb
c:\users\administrator\desktop\携行位置监控系统\工程\mobox\frontsvr\../bin\frontsvr.exe
c:\users\administrator\desktop\携行位置监控系统\工程\mobox\frontsvr\debug\frontsvr.tlog\cl.command.1.tlog
c:\users\administrator\desktop\携行位置监控系统\工程\mobox\frontsvr\debug\frontsvr.tlog\cl.read.1.tlog
c:\users\administrator\desktop\携行位置监控系统\工程\mobox\frontsvr\debug\frontsvr.tlog\cl.write.1.tlog
c:\users\administrator\desktop\携行位置监控系统\工程\mobox\frontsvr\debug\frontsvr.tlog\frontsvr.write.1u.tlog
c:\users\administrator\desktop\携行位置监控系统\工程\mobox\frontsvr\debug\frontsvr.tlog\link.command.1.tlog
c:\users\administrator\desktop\携行位置监控系统\工程\mobox\frontsvr\debug\frontsvr.tlog\link.read.1.tlog
c:\users\administrator\desktop\携行位置监控系统\工程\mobox\frontsvr\debug\frontsvr.tlog\link.write.1.tlog
