d:\xxx\xxxsvr\mobox\projects\monitor\debug\vc120.pdb
d:\xxx\xxxsvr\mobox\projects\monitor\debug\vc120.idb
d:\xxx\xxxsvr\mobox\projects\monitor\debug\moniclient_expat.obj
d:\xxx\xxxsvr\mobox\projects\monitor\debug\opensess_exp.obj
d:\xxx\xxxsvr\mobox\projects\monitor\debug\expat.obj
d:\xxx\xxxsvr\mobox\projects\monitor\debug\globaldata.obj
d:\xxx\xxxsvr\mobox\projects\monitor\debug\grouprslt.obj
d:\xxx\xxxsvr\mobox\projects\monitor\debug\cjson.obj
d:\xxx\xxxsvr\mobox\projects\monitor\debug\main.obj
d:\xxx\xxxsvr\mobox\projects\monitor\debug\mysqldb.obj
d:\xxx\xxxsvr\mobox\projects\monitor\debug\p2p.obj
d:\xxx\xxxsvr\mobox\projects\monitor\debug\p2pclient.obj
d:\xxx\xxxsvr\mobox\projects\monitor\debug\protobuffer.obj
d:\xxx\xxxsvr\mobox\projects\monitor\debug\rediscommand.obj
d:\xxx\xxxsvr\mobox\projects\monitor\debug\responsepkt.obj
d:\xxx\xxxsvr\mobox\projects\monitor\debug\responser.obj
d:\xxx\xxxsvr\mobox\projects\monitor\debug\subscribe.obj
d:\xxx\xxxsvr\mobox\projects\monitor\debug\tool.obj
d:\xxx\xxxsvr\mobox\projects\monitor\debug\subject.obj
d:\xxx\xxxsvr\mobox\projects\monitor\debug\userstatus.obj
d:\xxx\xxxsvr\mobox\projects\monitor\debug\frontsvr_callback.obj
d:\xxx\xxxsvr\mobox\projects\monitor\debug\frontsvr_expat.obj
d:\xxx\xxxsvr\mobox\projects\monitor\debug\buffer.obj
d:\xxx\xxxsvr\mobox\projects\monitor\debug\client.obj
d:\xxx\xxxsvr\mobox\projects\monitor\debug\dbaccess.obj
d:\xxx\xxxsvr\mobox\projects\monitor\debug\moniclient_callback.obj
d:\xxx\xxxsvr\mobox\bin\exe\monitor.exe
d:\xxx\xxxsvr\mobox\bin\other\monitor.pdb
d:\xxx\xxxsvr\mobox\bin\other\monitor.lib
d:\xxx\xxxsvr\mobox\bin\other\monitor.exp
d:\xxx\xxxsvr\mobox\projects\monitor\../../bin/exe/monitor.exe
d:\xxx\xxxsvr\mobox\projects\monitor\debug\monitor.tlog\cl.command.1.tlog
d:\xxx\xxxsvr\mobox\projects\monitor\debug\monitor.tlog\cl.read.1.tlog
d:\xxx\xxxsvr\mobox\projects\monitor\debug\monitor.tlog\cl.write.1.tlog
d:\xxx\xxxsvr\mobox\projects\monitor\debug\monitor.tlog\link.command.1.tlog
d:\xxx\xxxsvr\mobox\projects\monitor\debug\monitor.tlog\link.read.1.tlog
d:\xxx\xxxsvr\mobox\projects\monitor\debug\monitor.tlog\link.write.1.tlog
d:\xxx\xxxsvr\mobox\projects\monitor\debug\monitor.tlog\monitor.write.1u.tlog
